<?xml version="1.0" encoding="UTF-8"?>
<!-- Generated by org.testng.reporters.JUnitXMLReporter -->
<testsuite ignored="0" hostname="DESKTOP-F3HIC5N" failures="0" tests="4" name="Test" time="119.703" errors="0" timestamp="01 Jun 2020 07:40:06 GMT">
  <testcase classname="com.qa.tests.UserPageTest" name="enterdata" time="12.088"/>
  <testcase classname="com.qa.tests.UserPageTest" name="enterdata" time="14.247"/>
  <testcase classname="com.qa.tests.UserPageTest" name="enterdata" time="10.082"/>
  <testcase classname="com.qa.tests.MediaPageTest" name="verifytitletoolstest" time="0.057"/>
</testsuite> <!-- Test -->
