<?xml version="1.0" encoding="UTF-8"?>
<testng-results ignored="0" total="4" passed="4" failed="0" skipped="0">
  <reporter-output>
  </reporter-output>
  <suite started-at="2020-06-01T07:38:06Z" name="Suite" finished-at="2020-06-01T07:40:05Z" duration-ms="119703">
    <groups>
    </groups>
    <test started-at="2020-06-01T07:38:06Z" name="Test" finished-at="2020-06-01T07:40:05Z" duration-ms="119703">
      <class name="com.qa.tests.UserPageTest">
        <test-method is-config="true" signature="setup()[pri:0, instance:com.qa.tests.UserPageTest@10aa41f2]" started-at="2020-06-01T07:38:07Z" name="setup" finished-at="2020-06-01T07:38:34Z" duration-ms="26404" status="PASS">
          <reporter-output>
          </reporter-output>
        </test-method> <!-- setup -->
        <test-method signature="enterdata(java.lang.String, java.lang.String, java.lang.String, java.lang.String, java.lang.String)[pri:0, instance:com.qa.tests.UserPageTest@10aa41f2]" started-at="2020-06-01T07:38:34Z" name="enterdata" data-provider="dataexcel" finished-at="2020-06-01T07:38:46Z" duration-ms="12088" status="PASS">
          <params>
            <param index="0">
              <value>
                <![CDATA[abc]]>
              </value>
            </param>
            <param index="1">
              <value>
                <![CDATA[abc@xyz.com]]>
              </value>
            </param>
            <param index="2">
              <value>
                <![CDATA[abc]]>
              </value>
            </param>
            <param index="3">
              <value>
                <![CDATA[def]]>
              </value>
            </param>
            <param index="4">
              <value>
                <![CDATA[google]]>
              </value>
            </param>
          </params>
          <reporter-output>
          </reporter-output>
        </test-method> <!-- enterdata -->
        <test-method is-config="true" signature="tearDown()[pri:0, instance:com.qa.tests.UserPageTest@10aa41f2]" started-at="2020-06-01T07:38:46Z" name="tearDown" finished-at="2020-06-01T07:38:47Z" duration-ms="1635" status="PASS">
          <reporter-output>
          </reporter-output>
        </test-method> <!-- tearDown -->
        <test-method is-config="true" signature="setup()[pri:0, instance:com.qa.tests.UserPageTest@10aa41f2]" started-at="2020-06-01T07:38:47Z" name="setup" finished-at="2020-06-01T07:39:06Z" duration-ms="18532" status="PASS">
          <reporter-output>
          </reporter-output>
        </test-method> <!-- setup -->
        <test-method signature="enterdata(java.lang.String, java.lang.String, java.lang.String, java.lang.String, java.lang.String)[pri:0, instance:com.qa.tests.UserPageTest@10aa41f2]" started-at="2020-06-01T07:39:06Z" name="enterdata" data-provider="dataexcel" finished-at="2020-06-01T07:39:20Z" duration-ms="14247" status="PASS">
          <params>
            <param index="0">
              <value>
                <![CDATA[admin]]>
              </value>
            </param>
            <param index="1">
              <value>
                <![CDATA[admin@def.com]]>
              </value>
            </param>
            <param index="2">
              <value>
                <![CDATA[admin]]>
              </value>
            </param>
            <param index="3">
              <value>
                <![CDATA[pass]]>
              </value>
            </param>
            <param index="4">
              <value>
                <![CDATA[amazon]]>
              </value>
            </param>
          </params>
          <reporter-output>
          </reporter-output>
        </test-method> <!-- enterdata -->
        <test-method is-config="true" signature="tearDown()[pri:0, instance:com.qa.tests.UserPageTest@10aa41f2]" started-at="2020-06-01T07:39:20Z" name="tearDown" finished-at="2020-06-01T07:39:22Z" duration-ms="1545" status="PASS">
          <reporter-output>
          </reporter-output>
        </test-method> <!-- tearDown -->
        <test-method is-config="true" signature="setup()[pri:0, instance:com.qa.tests.UserPageTest@10aa41f2]" started-at="2020-06-01T07:39:22Z" name="setup" finished-at="2020-06-01T07:39:37Z" duration-ms="15004" status="PASS">
          <reporter-output>
          </reporter-output>
        </test-method> <!-- setup -->
        <test-method signature="enterdata(java.lang.String, java.lang.String, java.lang.String, java.lang.String, java.lang.String)[pri:0, instance:com.qa.tests.UserPageTest@10aa41f2]" started-at="2020-06-01T07:39:37Z" name="enterdata" data-provider="dataexcel" finished-at="2020-06-01T07:39:47Z" duration-ms="10082" status="PASS">
          <params>
            <param index="0">
              <value>
                <![CDATA[kanika]]>
              </value>
            </param>
            <param index="1">
              <value>
                <![CDATA[kanika@gmail.com]]>
              </value>
            </param>
            <param index="2">
              <value>
                <![CDATA[kanika]]>
              </value>
            </param>
            <param index="3">
              <value>
                <![CDATA[hans]]>
              </value>
            </param>
            <param index="4">
              <value>
                <![CDATA[flipkart]]>
              </value>
            </param>
          </params>
          <reporter-output>
          </reporter-output>
        </test-method> <!-- enterdata -->
        <test-method is-config="true" signature="tearDown()[pri:0, instance:com.qa.tests.UserPageTest@10aa41f2]" started-at="2020-06-01T07:39:47Z" name="tearDown" finished-at="2020-06-01T07:39:48Z" duration-ms="1324" status="PASS">
          <reporter-output>
          </reporter-output>
        </test-method> <!-- tearDown -->
      </class> <!-- com.qa.tests.UserPageTest -->
      <class name="com.qa.tests.MediaPageTest">
        <test-method is-config="true" signature="setup()[pri:0, instance:com.qa.tests.MediaPageTest@6aaceffd]" started-at="2020-06-01T07:39:48Z" name="setup" finished-at="2020-06-01T07:40:04Z" duration-ms="15770" status="PASS">
          <reporter-output>
          </reporter-output>
        </test-method> <!-- setup -->
        <test-method signature="verifytitletoolstest()[pri:1, instance:com.qa.tests.MediaPageTest@6aaceffd]" started-at="2020-06-01T07:40:04Z" name="verifytitletoolstest" finished-at="2020-06-01T07:40:04Z" duration-ms="57" status="PASS">
          <reporter-output>
          </reporter-output>
        </test-method> <!-- verifytitletoolstest -->
        <test-method is-config="true" signature="tearDown()[pri:0, instance:com.qa.tests.MediaPageTest@6aaceffd]" started-at="2020-06-01T07:40:04Z" name="tearDown" finished-at="2020-06-01T07:40:05Z" duration-ms="1480" status="PASS">
          <reporter-output>
          </reporter-output>
        </test-method> <!-- tearDown -->
      </class> <!-- com.qa.tests.MediaPageTest -->
    </test> <!-- Test -->
  </suite> <!-- Suite -->
</testng-results>
